<?xml version="1.0" encoding="UTF-8"?>
<!-- Generated by org.testng.reporters.JUnitReportReporter -->
<testsuite hostname="admin-PC" failures="0" tests="1" name="com.nine.test.test.CompaniesPageTest" time="80.553" errors="0" timestamp="05 Jul 2021 22:31:24 GMT" skipped="0">
  <testcase classname="com.nine.test.test.CompaniesPageTest" name="verifyNewsTitle" time="80.553"/>
</testsuite> <!-- com.nine.test.test.CompaniesPageTest -->
